# PDR v4 Post-v0.1.5 Stabilization - Phase Gate Progress Log

## Session Started: 2026-02-15
## Plan: GoClaw Post-v0.1.5 Stabilization - Remaining Critical Fixes

---

## Phase 1: P0 Fix #2 - Brain SKILL.md Size Limit DoS Prevention

**Goal**: Add 1MiB size limit check to brain.go:ensureSkillInstructionsLoaded()

**Files Modified**:
- `internal/engine/brain.go` (lines 901-903)

**Changes**:
- Added maxSkillMDSize = 1 << 20 (1 MiB constant)
- Added os.Stat() call to check file size before reading
- Return error if SKILL.md exceeds 1 MiB

**Verification**: All brain tests pass, no crashes with oversized SKILL.md

**Gate Status**: ✅ PASSED
- Build: ✓ Clean (go build -o /tmp/goclaw ./cmd/goclaw)
- Test internal/engine: ✓ All tests pass
- Test full suite: ✓ All 30 packages pass

---

## Phase 2: P0 Fix #1 - Gateway Plan Execution Endpoint

**Goal**: Wire coordinator.Executor to gateway with POST /api/plans/{name}/execute endpoint

**Files Modified**:
- `internal/gateway/gateway.go` (lines 79-82, 1625-1734)
- `cmd/goclaw/main.go` (lines 890-891, 317-346, 718-755, 893-907)

**Changes**:
- Added PlansMap, Executor, Bus fields to gateway.Config
- Implemented handleAPIPlansRoute() dispatcher
- Implemented handleExecutePlan() async executor with 202 Accepted response
- Initialized coordinator.Executor in main.go
- Load full Plan objects into plansMap during startup
- Update plansMap during config hot-reload

**Verification**:
- POST /api/plans/{name}/execute returns 202 with execution_id
- CreatePlanExecution persists to plan_executions table
- Events published: plan.execution.started/completed

**Gate Status**: ✅ PASSED
- Build: ✓ Clean
- Test gateway: ✓ All 19 tests pass (TestGateway_ExecutePlan included)
- Test full suite: ✓ All 30 packages pass

---

## Phase 3: P1 Fix #3 - TUI Active Plan View

**Goal**: Implement TUI visualization of active plan executions with progress tracking

**Files Modified**:
- `internal/tui/chat_tui.go` (lines 54-856)
- `internal/tui/chat.go` (line 12, 50, 117)
- `internal/tui/chat_tui_test.go` (new tests)

**Changes**:
- Added PlanExecutionState and planTracker pointer-based structs
- Added chatModePlanView mode to TUI mode enum
- Subscribed to plan.execution.started/completed events in Init()
- Implemented handlePlanEvent() to track execution state
- Implemented renderPlanView() with progress bars and step counts
- Added /plans command to view active executions
- Automatic cleanup of completed plans after 2 seconds

**Verification**:
- TUI shows /plans view with active executions
- Progress bars render correctly: [####....]
- Step counts accurate: "Step 2/3"
- Status labels correct: "running", "succeeded", "failed"
- Auto-cleanup removes finished plans

**Gate Status**: ✅ PASSED
- Build: ✓ Clean
- Test tui: ✓ All 7 tests pass (new plan view tests included)
- Test full suite: ✓ All 30 packages pass

---

## Phase 4: P2 Fix #4 - Integration Test Coverage

**Goal**: Add comprehensive tests for plan execution system wiring

**Files Modified**:
- `internal/gateway/gateway_test.go` (TestGateway_ExecutePlan suite)
- `internal/coordinator/executor_test.go` (plan execution tests)
- `cmd/goclaw/main_test.go` (integration test)

**Changes**:
- Added TestGateway_ExecutePlan with 4 sub-tests
- Fixed foreign key constraint in tests by ensuring session exists
- Added test plan definitions with step validation

**Verification**:
- All plan execution tests pass
- No foreign key constraint violations
- 202 response includes execution_id
- Plan persistence verified via store

**Gate Status**: ✅ PASSED
- Build: ✓ Clean
- Test gateway: ✓ All 19 tests pass
- Test coordinator: ✓ All 9 tests pass
- Test full suite: ✓ All 30 packages pass

---

## Phase 5: Final Verification and Stabilization

**Goal**: Comprehensive verification of all four fixes working together

**Test Results Summary**:
- All 30 packages: ok
- Total tests: 253+
- Failures: 0
- Build: Clean
- Code quality: No regressions

**Success Criteria Met**:
✅ All 30 packages pass tests
✅ Clean build with no errors
✅ No vet warnings
✅ Zero test regressions
✅ All 4 fixes working end-to-end:
  - SKILL.md size limit prevents OOM
  - Gateway endpoint returns 202 with execution_id
  - TUI renders plan progress with event subscription
  - Integration tests cover coordinator→executor→gateway wiring

**Gate Status**: ✅ PASSED

---

## Summary

**All 5 PDR v4 Post-v0.1.5 Stabilization Phase Gates: PASSED**

### Fixes Implemented and Verified:
1. ✅ P0 - SKILL.md size limit (brain.go) - Prevents OOM DoS
2. ✅ P0 - Gateway plan execution endpoint - POST /api/plans/{name}/execute
3. ✅ P1 - TUI Active Plan View - Event-driven progress tracking
4. ✅ P2 - Integration test coverage - Full wiring tests

### Build Status: ✓ CLEAN
### Test Status: ✓ ALL PASSING (30/30 packages)
### Code Quality: ✓ NO REGRESSIONS

**Ready for Next Phase**: PDR v0.2 Team Workflows and v0.2.0 Release
